{"/Users/Kevin/Desktop/CSE_110/cse110-w21-group28/js/Timer/Timer.js": {"path":"/Users/Kevin/Desktop/CSE_110/cse110-w21-group28/js/Timer/Timer.js","statementMap":{"0":{"start":{"line":19,"column":4},"end":{"line":19,"column":12}},"1":{"start":{"line":24,"column":4},"end":{"line":24,"column":20}},"2":{"start":{"line":32,"column":4},"end":{"line":32,"column":25}},"3":{"start":{"line":37,"column":4},"end":{"line":37,"column":35}},"4":{"start":{"line":42,"column":4},"end":{"line":42,"column":35}},"5":{"start":{"line":47,"column":4},"end":{"line":47,"column":39}},"6":{"start":{"line":50,"column":22},"end":{"line":51,"column":72}},"7":{"start":{"line":52,"column":4},"end":{"line":54,"column":5}},"8":{"start":{"line":52,"column":17},"end":{"line":52,"column":18}},"9":{"start":{"line":53,"column":6},"end":{"line":53,"column":41}},"10":{"start":{"line":56,"column":4},"end":{"line":56,"column":29}},"11":{"start":{"line":64,"column":29},"end":{"line":64,"column":52}},"12":{"start":{"line":65,"column":4},"end":{"line":65,"column":43}},"13":{"start":{"line":66,"column":18},"end":{"line":70,"column":6}},"14":{"start":{"line":72,"column":4},"end":{"line":72,"column":30}},"15":{"start":{"line":73,"column":4},"end":{"line":73,"column":22}},"16":{"start":{"line":81,"column":20},"end":{"line":81,"column":38}},"17":{"start":{"line":82,"column":4},"end":{"line":82,"column":30}},"18":{"start":{"line":83,"column":4},"end":{"line":83,"column":48}},"19":{"start":{"line":84,"column":4},"end":{"line":84,"column":42}},"20":{"start":{"line":93,"column":20},"end":{"line":93,"column":45}},"21":{"start":{"line":94,"column":20},"end":{"line":94,"column":33}},"22":{"start":{"line":95,"column":24},"end":{"line":95,"column":26}},"23":{"start":{"line":96,"column":4},"end":{"line":100,"column":5}},"24":{"start":{"line":97,"column":6},"end":{"line":97,"column":47}},"25":{"start":{"line":99,"column":6},"end":{"line":99,"column":46}},"26":{"start":{"line":101,"column":4},"end":{"line":101,"column":49}},"27":{"start":{"line":102,"column":4},"end":{"line":102,"column":18}},"28":{"start":{"line":103,"column":4},"end":{"line":109,"column":5}},"29":{"start":{"line":104,"column":6},"end":{"line":106,"column":15}},"30":{"start":{"line":105,"column":8},"end":{"line":105,"column":33}},"31":{"start":{"line":108,"column":6},"end":{"line":108,"column":29}},"32":{"start":{"line":116,"column":4},"end":{"line":125,"column":7}},"33":{"start":{"line":117,"column":6},"end":{"line":124,"column":7}},"34":{"start":{"line":118,"column":8},"end":{"line":118,"column":64}},"35":{"start":{"line":119,"column":8},"end":{"line":119,"column":55}},"36":{"start":{"line":120,"column":8},"end":{"line":120,"column":26}},"37":{"start":{"line":122,"column":8},"end":{"line":122,"column":65}},"38":{"start":{"line":123,"column":8},"end":{"line":123,"column":56}},"39":{"start":{"line":129,"column":0},"end":{"line":129,"column":45}}},"fnMap":{"0":{"name":"(anonymous_0)","decl":{"start":{"line":18,"column":2},"end":{"line":18,"column":3}},"loc":{"start":{"line":18,"column":55},"end":{"line":57,"column":3}},"line":18},"1":{"name":"(anonymous_1)","decl":{"start":{"line":63,"column":2},"end":{"line":63,"column":3}},"loc":{"start":{"line":63,"column":20},"end":{"line":74,"column":3}},"line":63},"2":{"name":"(anonymous_2)","decl":{"start":{"line":80,"column":2},"end":{"line":80,"column":3}},"loc":{"start":{"line":80,"column":15},"end":{"line":85,"column":3}},"line":80},"3":{"name":"(anonymous_3)","decl":{"start":{"line":92,"column":2},"end":{"line":92,"column":3}},"loc":{"start":{"line":92,"column":22},"end":{"line":110,"column":3}},"line":92},"4":{"name":"(anonymous_4)","decl":{"start":{"line":104,"column":17},"end":{"line":104,"column":18}},"loc":{"start":{"line":104,"column":23},"end":{"line":106,"column":7}},"line":104},"5":{"name":"(anonymous_5)","decl":{"start":{"line":115,"column":2},"end":{"line":115,"column":3}},"loc":{"start":{"line":115,"column":22},"end":{"line":126,"column":3}},"line":115},"6":{"name":"(anonymous_6)","decl":{"start":{"line":116,"column":47},"end":{"line":116,"column":48}},"loc":{"start":{"line":116,"column":53},"end":{"line":125,"column":5}},"line":116}},"branchMap":{"0":{"loc":{"start":{"line":96,"column":4},"end":{"line":100,"column":5}},"type":"if","locations":[{"start":{"line":96,"column":4},"end":{"line":100,"column":5}},{"start":{"line":96,"column":4},"end":{"line":100,"column":5}}],"line":96},"1":{"loc":{"start":{"line":103,"column":4},"end":{"line":109,"column":5}},"type":"if","locations":[{"start":{"line":103,"column":4},"end":{"line":109,"column":5}},{"start":{"line":103,"column":4},"end":{"line":109,"column":5}}],"line":103},"2":{"loc":{"start":{"line":117,"column":6},"end":{"line":124,"column":7}},"type":"if","locations":[{"start":{"line":117,"column":6},"end":{"line":124,"column":7}},{"start":{"line":117,"column":6},"end":{"line":124,"column":7}}],"line":117}},"s":{"0":6,"1":6,"2":6,"3":6,"4":6,"5":6,"6":6,"7":6,"8":6,"9":48,"10":6,"11":2,"12":2,"13":2,"14":2,"15":2,"16":7,"17":7,"18":7,"19":7,"20":3007,"21":3007,"22":3007,"23":3007,"24":507,"25":2500,"26":3007,"27":3007,"28":3007,"29":3005,"30":3000,"31":2,"32":6,"33":3,"34":2,"35":2,"36":2,"37":1,"38":1,"39":1},"f":{"0":6,"1":2,"2":7,"3":3007,"4":3000,"5":6,"6":3},"b":{"0":[507,2500],"1":[3005,2],"2":[2,1]},"_coverageSchema":"1a1c01bbd47fc00a2c39e90264f33305004495a9","hash":"1bbdab5e88f52223943af8650cd97321cfe605b1"}
,"/Users/Kevin/Desktop/CSE_110/cse110-w21-group28/js/Timer/TimerVariables.js": {"path":"/Users/Kevin/Desktop/CSE_110/cse110-w21-group28/js/Timer/TimerVariables.js","statementMap":{"0":{"start":{"line":3,"column":17},"end":{"line":6,"column":1}},"1":{"start":{"line":7,"column":23},"end":{"line":10,"column":1}},"2":{"start":{"line":12,"column":22},"end":{"line":15,"column":1}},"3":{"start":{"line":17,"column":19},"end":{"line":20,"column":1}},"4":{"start":{"line":22,"column":19},"end":{"line":25,"column":1}}},"fnMap":{},"branchMap":{},"s":{"0":1,"1":1,"2":1,"3":1,"4":1},"f":{},"b":{},"_coverageSchema":"1a1c01bbd47fc00a2c39e90264f33305004495a9","hash":"41cd9c2505aa6567524059ee1e8bc114399b13f9"}
,"/Users/Kevin/Desktop/CSE_110/cse110-w21-group28/js/ToDoList/Task.js": {"path":"/Users/Kevin/Desktop/CSE_110/cse110-w21-group28/js/ToDoList/Task.js","statementMap":{"0":{"start":{"line":16,"column":4},"end":{"line":16,"column":12}},"1":{"start":{"line":21,"column":4},"end":{"line":21,"column":17}},"2":{"start":{"line":26,"column":4},"end":{"line":26,"column":21}},"3":{"start":{"line":31,"column":4},"end":{"line":31,"column":39}},"4":{"start":{"line":36,"column":4},"end":{"line":36,"column":31}},"5":{"start":{"line":41,"column":4},"end":{"line":41,"column":25}},"6":{"start":{"line":42,"column":4},"end":{"line":42,"column":66}},"7":{"start":{"line":48,"column":4},"end":{"line":48,"column":41}},"8":{"start":{"line":53,"column":4},"end":{"line":53,"column":41}},"9":{"start":{"line":59,"column":4},"end":{"line":59,"column":54}},"10":{"start":{"line":60,"column":4},"end":{"line":60,"column":29}},"11":{"start":{"line":68,"column":21},"end":{"line":68,"column":49}},"12":{"start":{"line":69,"column":21},"end":{"line":69,"column":52}},"13":{"start":{"line":70,"column":4},"end":{"line":70,"column":46}},"14":{"start":{"line":71,"column":4},"end":{"line":71,"column":55}},"15":{"start":{"line":72,"column":4},"end":{"line":72,"column":35}},"16":{"start":{"line":73,"column":4},"end":{"line":73,"column":31}},"17":{"start":{"line":74,"column":4},"end":{"line":76,"column":7}},"18":{"start":{"line":75,"column":6},"end":{"line":75,"column":26}},"19":{"start":{"line":77,"column":4},"end":{"line":77,"column":20}},"20":{"start":{"line":85,"column":17},"end":{"line":85,"column":45}},"21":{"start":{"line":86,"column":4},"end":{"line":86,"column":47}},"22":{"start":{"line":87,"column":4},"end":{"line":87,"column":27}},"23":{"start":{"line":88,"column":4},"end":{"line":88,"column":22}},"24":{"start":{"line":89,"column":4},"end":{"line":89,"column":16}},"25":{"start":{"line":97,"column":25},"end":{"line":97,"column":53}},"26":{"start":{"line":98,"column":4},"end":{"line":98,"column":63}},"27":{"start":{"line":99,"column":4},"end":{"line":99,"column":35}},"28":{"start":{"line":100,"column":4},"end":{"line":100,"column":30}},"29":{"start":{"line":101,"column":4},"end":{"line":101,"column":24}},"30":{"start":{"line":110,"column":17},"end":{"line":110,"column":45}},"31":{"start":{"line":111,"column":22},"end":{"line":111,"column":54}},"32":{"start":{"line":112,"column":4},"end":{"line":115,"column":7}},"33":{"start":{"line":113,"column":6},"end":{"line":113,"column":20}},"34":{"start":{"line":114,"column":6},"end":{"line":114,"column":43}},"35":{"start":{"line":116,"column":4},"end":{"line":116,"column":37}},"36":{"start":{"line":117,"column":4},"end":{"line":117,"column":32}},"37":{"start":{"line":124,"column":4},"end":{"line":130,"column":5}},"38":{"start":{"line":124,"column":17},"end":{"line":124,"column":18}},"39":{"start":{"line":125,"column":6},"end":{"line":129,"column":7}},"40":{"start":{"line":126,"column":8},"end":{"line":126,"column":33}},"41":{"start":{"line":127,"column":8},"end":{"line":127,"column":38}},"42":{"start":{"line":128,"column":8},"end":{"line":128,"column":14}},"43":{"start":{"line":131,"column":4},"end":{"line":131,"column":24}},"44":{"start":{"line":132,"column":4},"end":{"line":132,"column":68}},"45":{"start":{"line":138,"column":4},"end":{"line":138,"column":45}},"46":{"start":{"line":145,"column":4},"end":{"line":146,"column":30}},"47":{"start":{"line":155,"column":4},"end":{"line":157,"column":5}},"48":{"start":{"line":156,"column":6},"end":{"line":156,"column":31}},"49":{"start":{"line":159,"column":4},"end":{"line":159,"column":32}},"50":{"start":{"line":160,"column":4},"end":{"line":160,"column":30}},"51":{"start":{"line":162,"column":4},"end":{"line":164,"column":5}},"52":{"start":{"line":163,"column":6},"end":{"line":163,"column":26}},"53":{"start":{"line":165,"column":4},"end":{"line":165,"column":30}},"54":{"start":{"line":172,"column":4},"end":{"line":178,"column":5}},"55":{"start":{"line":172,"column":17},"end":{"line":172,"column":18}},"56":{"start":{"line":173,"column":6},"end":{"line":177,"column":7}},"57":{"start":{"line":174,"column":8},"end":{"line":174,"column":86}},"58":{"start":{"line":175,"column":8},"end":{"line":175,"column":69}},"59":{"start":{"line":176,"column":8},"end":{"line":176,"column":14}},"60":{"start":{"line":179,"column":4},"end":{"line":179,"column":68}},"61":{"start":{"line":186,"column":4},"end":{"line":186,"column":24}},"62":{"start":{"line":187,"column":4},"end":{"line":187,"column":66}},"63":{"start":{"line":188,"column":4},"end":{"line":188,"column":30}},"64":{"start":{"line":193,"column":0},"end":{"line":193,"column":60}}},"fnMap":{"0":{"name":"(anonymous_0)","decl":{"start":{"line":15,"column":2},"end":{"line":15,"column":3}},"loc":{"start":{"line":15,"column":39},"end":{"line":61,"column":3}},"line":15},"1":{"name":"(anonymous_1)","decl":{"start":{"line":67,"column":2},"end":{"line":67,"column":3}},"loc":{"start":{"line":67,"column":18},"end":{"line":78,"column":3}},"line":67},"2":{"name":"(anonymous_2)","decl":{"start":{"line":74,"column":39},"end":{"line":74,"column":40}},"loc":{"start":{"line":74,"column":45},"end":{"line":76,"column":5}},"line":74},"3":{"name":"(anonymous_3)","decl":{"start":{"line":84,"column":2},"end":{"line":84,"column":3}},"loc":{"start":{"line":84,"column":18},"end":{"line":90,"column":3}},"line":84},"4":{"name":"(anonymous_4)","decl":{"start":{"line":96,"column":2},"end":{"line":96,"column":3}},"loc":{"start":{"line":96,"column":27},"end":{"line":102,"column":3}},"line":96},"5":{"name":"(anonymous_5)","decl":{"start":{"line":109,"column":2},"end":{"line":109,"column":3}},"loc":{"start":{"line":109,"column":22},"end":{"line":118,"column":3}},"line":109},"6":{"name":"(anonymous_6)","decl":{"start":{"line":112,"column":40},"end":{"line":112,"column":41}},"loc":{"start":{"line":112,"column":46},"end":{"line":115,"column":5}},"line":112},"7":{"name":"(anonymous_7)","decl":{"start":{"line":123,"column":2},"end":{"line":123,"column":3}},"loc":{"start":{"line":123,"column":29},"end":{"line":133,"column":3}},"line":123},"8":{"name":"(anonymous_8)","decl":{"start":{"line":137,"column":2},"end":{"line":137,"column":3}},"loc":{"start":{"line":137,"column":15},"end":{"line":139,"column":3}},"line":137},"9":{"name":"(anonymous_9)","decl":{"start":{"line":144,"column":2},"end":{"line":144,"column":3}},"loc":{"start":{"line":144,"column":23},"end":{"line":147,"column":3}},"line":144},"10":{"name":"(anonymous_10)","decl":{"start":{"line":154,"column":2},"end":{"line":154,"column":3}},"loc":{"start":{"line":154,"column":21},"end":{"line":166,"column":3}},"line":154},"11":{"name":"(anonymous_11)","decl":{"start":{"line":171,"column":2},"end":{"line":171,"column":3}},"loc":{"start":{"line":171,"column":23},"end":{"line":180,"column":3}},"line":171},"12":{"name":"(anonymous_12)","decl":{"start":{"line":185,"column":2},"end":{"line":185,"column":3}},"loc":{"start":{"line":185,"column":17},"end":{"line":189,"column":3}},"line":185}},"branchMap":{"0":{"loc":{"start":{"line":125,"column":6},"end":{"line":129,"column":7}},"type":"if","locations":[{"start":{"line":125,"column":6},"end":{"line":129,"column":7}},{"start":{"line":125,"column":6},"end":{"line":129,"column":7}}],"line":125},"1":{"loc":{"start":{"line":155,"column":4},"end":{"line":157,"column":5}},"type":"if","locations":[{"start":{"line":155,"column":4},"end":{"line":157,"column":5}},{"start":{"line":155,"column":4},"end":{"line":157,"column":5}}],"line":155},"2":{"loc":{"start":{"line":162,"column":4},"end":{"line":164,"column":5}},"type":"if","locations":[{"start":{"line":162,"column":4},"end":{"line":164,"column":5}},{"start":{"line":162,"column":4},"end":{"line":164,"column":5}}],"line":162},"3":{"loc":{"start":{"line":173,"column":6},"end":{"line":177,"column":7}},"type":"if","locations":[{"start":{"line":173,"column":6},"end":{"line":177,"column":7}},{"start":{"line":173,"column":6},"end":{"line":177,"column":7}}],"line":173}},"s":{"0":17,"1":17,"2":17,"3":17,"4":17,"5":17,"6":17,"7":17,"8":17,"9":17,"10":17,"11":17,"12":17,"13":17,"14":17,"15":17,"16":17,"17":17,"18":1,"19":17,"20":17,"21":17,"22":17,"23":17,"24":17,"25":17,"26":17,"27":17,"28":17,"29":17,"30":17,"31":17,"32":17,"33":1,"34":1,"35":17,"36":17,"37":1,"38":1,"39":1,"40":1,"41":1,"42":1,"43":1,"44":1,"45":17,"46":31,"47":13,"48":1,"49":12,"50":12,"51":12,"52":2,"53":12,"54":16,"55":16,"56":2,"57":2,"58":2,"59":2,"60":16,"61":4,"62":4,"63":4,"64":3},"f":{"0":17,"1":17,"2":1,"3":17,"4":17,"5":17,"6":1,"7":1,"8":17,"9":31,"10":13,"11":16,"12":4},"b":{"0":[1,0],"1":[1,12],"2":[2,10],"3":[2,0]},"_coverageSchema":"1a1c01bbd47fc00a2c39e90264f33305004495a9","hash":"8fae2a9a9eb768ee40363628d165d70512b3ae27"}
,"/Users/Kevin/Desktop/CSE_110/cse110-w21-group28/js/ToDoList/TaskVariables.js": {"path":"/Users/Kevin/Desktop/CSE_110/cse110-w21-group28/js/ToDoList/TaskVariables.js","statementMap":{"0":{"start":{"line":1,"column":19},"end":{"line":4,"column":1}}},"fnMap":{},"branchMap":{},"s":{"0":3},"f":{},"b":{},"_coverageSchema":"1a1c01bbd47fc00a2c39e90264f33305004495a9","hash":"dc1179cbfa51625277c8908de50389c0711b81f1"}
,"/Users/Kevin/Desktop/CSE_110/cse110-w21-group28/js/ToDoList/ToDoList.js": {"path":"/Users/Kevin/Desktop/CSE_110/cse110-w21-group28/js/ToDoList/ToDoList.js","statementMap":{"0":{"start":{"line":16,"column":4},"end":{"line":16,"column":23}},"1":{"start":{"line":22,"column":4},"end":{"line":22,"column":23}},"2":{"start":{"line":38,"column":4},"end":{"line":48,"column":5}},"3":{"start":{"line":39,"column":6},"end":{"line":39,"column":40}},"4":{"start":{"line":40,"column":11},"end":{"line":48,"column":5}},"5":{"start":{"line":41,"column":6},"end":{"line":41,"column":36}},"6":{"start":{"line":42,"column":11},"end":{"line":48,"column":5}},"7":{"start":{"line":43,"column":6},"end":{"line":43,"column":47}},"8":{"start":{"line":44,"column":11},"end":{"line":48,"column":5}},"9":{"start":{"line":45,"column":6},"end":{"line":45,"column":39}},"10":{"start":{"line":46,"column":11},"end":{"line":48,"column":5}},"11":{"start":{"line":47,"column":6},"end":{"line":47,"column":46}},"12":{"start":{"line":50,"column":17},"end":{"line":50,"column":61}},"13":{"start":{"line":51,"column":4},"end":{"line":51,"column":24}},"14":{"start":{"line":52,"column":4},"end":{"line":52,"column":29}},"15":{"start":{"line":53,"column":14},"end":{"line":53,"column":92}},"16":{"start":{"line":54,"column":4},"end":{"line":54,"column":31}},"17":{"start":{"line":55,"column":4},"end":{"line":55,"column":30}},"18":{"start":{"line":56,"column":4},"end":{"line":56,"column":16}},"19":{"start":{"line":63,"column":4},"end":{"line":63,"column":68}},"20":{"start":{"line":75,"column":4},"end":{"line":77,"column":5}},"21":{"start":{"line":76,"column":6},"end":{"line":76,"column":41}},"22":{"start":{"line":78,"column":4},"end":{"line":82,"column":5}},"23":{"start":{"line":78,"column":17},"end":{"line":78,"column":18}},"24":{"start":{"line":79,"column":6},"end":{"line":81,"column":7}},"25":{"start":{"line":80,"column":8},"end":{"line":80,"column":32}},"26":{"start":{"line":83,"column":4},"end":{"line":83,"column":39}},"27":{"start":{"line":91,"column":21},"end":{"line":91,"column":42}},"28":{"start":{"line":92,"column":4},"end":{"line":92,"column":32}}},"fnMap":{"0":{"name":"(anonymous_0)","decl":{"start":{"line":11,"column":2},"end":{"line":11,"column":3}},"loc":{"start":{"line":11,"column":16},"end":{"line":23,"column":3}},"line":11},"1":{"name":"(anonymous_1)","decl":{"start":{"line":37,"column":2},"end":{"line":37,"column":3}},"loc":{"start":{"line":37,"column":30},"end":{"line":57,"column":3}},"line":37},"2":{"name":"(anonymous_2)","decl":{"start":{"line":62,"column":2},"end":{"line":62,"column":3}},"loc":{"start":{"line":62,"column":22},"end":{"line":64,"column":3}},"line":62},"3":{"name":"(anonymous_3)","decl":{"start":{"line":74,"column":2},"end":{"line":74,"column":3}},"loc":{"start":{"line":74,"column":19},"end":{"line":84,"column":3}},"line":74},"4":{"name":"(anonymous_4)","decl":{"start":{"line":90,"column":2},"end":{"line":90,"column":3}},"loc":{"start":{"line":90,"column":22},"end":{"line":93,"column":3}},"line":90}},"branchMap":{"0":{"loc":{"start":{"line":38,"column":4},"end":{"line":48,"column":5}},"type":"if","locations":[{"start":{"line":38,"column":4},"end":{"line":48,"column":5}},{"start":{"line":38,"column":4},"end":{"line":48,"column":5}}],"line":38},"1":{"loc":{"start":{"line":40,"column":11},"end":{"line":48,"column":5}},"type":"if","locations":[{"start":{"line":40,"column":11},"end":{"line":48,"column":5}},{"start":{"line":40,"column":11},"end":{"line":48,"column":5}}],"line":40},"2":{"loc":{"start":{"line":42,"column":11},"end":{"line":48,"column":5}},"type":"if","locations":[{"start":{"line":42,"column":11},"end":{"line":48,"column":5}},{"start":{"line":42,"column":11},"end":{"line":48,"column":5}}],"line":42},"3":{"loc":{"start":{"line":44,"column":11},"end":{"line":48,"column":5}},"type":"if","locations":[{"start":{"line":44,"column":11},"end":{"line":48,"column":5}},{"start":{"line":44,"column":11},"end":{"line":48,"column":5}}],"line":44},"4":{"loc":{"start":{"line":46,"column":11},"end":{"line":48,"column":5}},"type":"if","locations":[{"start":{"line":46,"column":11},"end":{"line":48,"column":5}},{"start":{"line":46,"column":11},"end":{"line":48,"column":5}}],"line":46},"5":{"loc":{"start":{"line":75,"column":4},"end":{"line":77,"column":5}},"type":"if","locations":[{"start":{"line":75,"column":4},"end":{"line":77,"column":5}},{"start":{"line":75,"column":4},"end":{"line":77,"column":5}}],"line":75},"6":{"loc":{"start":{"line":79,"column":6},"end":{"line":81,"column":7}},"type":"if","locations":[{"start":{"line":79,"column":6},"end":{"line":81,"column":7}},{"start":{"line":79,"column":6},"end":{"line":81,"column":7}}],"line":79}},"s":{"0":18,"1":18,"2":14,"3":1,"4":13,"5":1,"6":12,"7":1,"8":11,"9":1,"10":10,"11":1,"12":9,"13":9,"14":9,"15":9,"16":9,"17":9,"18":9,"19":9,"20":6,"21":1,"22":5,"23":5,"24":5,"25":4,"26":1,"27":1,"28":1},"f":{"0":18,"1":14,"2":9,"3":6,"4":1},"b":{"0":[1,13],"1":[1,12],"2":[1,11],"3":[1,10],"4":[1,9],"5":[1,5],"6":[4,1]},"_coverageSchema":"1a1c01bbd47fc00a2c39e90264f33305004495a9","hash":"f3c5c539df0d044849f37c8d9e342d77604a679a"}
,"/Users/Kevin/Desktop/CSE_110/cse110-w21-group28/js/ToDoList/TodoListDom.js": {"path":"/Users/Kevin/Desktop/CSE_110/cse110-w21-group28/js/ToDoList/TodoListDom.js","statementMap":{"0":{"start":{"line":23,"column":4},"end":{"line":23,"column":35}},"1":{"start":{"line":28,"column":4},"end":{"line":28,"column":25}},"2":{"start":{"line":33,"column":4},"end":{"line":33,"column":29}},"3":{"start":{"line":38,"column":4},"end":{"line":38,"column":27}},"4":{"start":{"line":40,"column":4},"end":{"line":40,"column":31}},"5":{"start":{"line":41,"column":4},"end":{"line":41,"column":30}},"6":{"start":{"line":49,"column":6},"end":{"line":49,"column":28}},"7":{"start":{"line":50,"column":6},"end":{"line":57,"column":7}},"8":{"start":{"line":51,"column":8},"end":{"line":51,"column":69}},"9":{"start":{"line":52,"column":8},"end":{"line":54,"column":9}},"10":{"start":{"line":52,"column":20},"end":{"line":52,"column":21}},"11":{"start":{"line":53,"column":10},"end":{"line":53,"column":37}},"12":{"start":{"line":55,"column":8},"end":{"line":55,"column":53}},"13":{"start":{"line":56,"column":8},"end":{"line":56,"column":72}},"14":{"start":{"line":59,"column":6},"end":{"line":71,"column":7}},"15":{"start":{"line":59,"column":18},"end":{"line":59,"column":19}},"16":{"start":{"line":60,"column":19},"end":{"line":60,"column":61}},"17":{"start":{"line":61,"column":27},"end":{"line":61,"column":77}},"18":{"start":{"line":62,"column":29},"end":{"line":62,"column":81}},"19":{"start":{"line":63,"column":24},"end":{"line":63,"column":69}},"20":{"start":{"line":64,"column":21},"end":{"line":64,"column":52}},"21":{"start":{"line":65,"column":8},"end":{"line":65,"column":37}},"22":{"start":{"line":66,"column":8},"end":{"line":66,"column":48}},"23":{"start":{"line":67,"column":8},"end":{"line":67,"column":33}},"24":{"start":{"line":68,"column":8},"end":{"line":68,"column":42}},"25":{"start":{"line":69,"column":8},"end":{"line":69,"column":34}},"26":{"start":{"line":70,"column":8},"end":{"line":70,"column":31}},"27":{"start":{"line":78,"column":4},"end":{"line":86,"column":7}},"28":{"start":{"line":79,"column":6},"end":{"line":79,"column":25}},"29":{"start":{"line":80,"column":19},"end":{"line":80,"column":42}},"30":{"start":{"line":81,"column":19},"end":{"line":81,"column":54}},"31":{"start":{"line":82,"column":23},"end":{"line":82,"column":78}},"32":{"start":{"line":83,"column":19},"end":{"line":83,"column":56}},"33":{"start":{"line":84,"column":6},"end":{"line":84,"column":29}},"34":{"start":{"line":85,"column":6},"end":{"line":85,"column":24}},"35":{"start":{"line":88,"column":4},"end":{"line":90,"column":7}},"36":{"start":{"line":89,"column":6},"end":{"line":89,"column":29}},"37":{"start":{"line":98,"column":4},"end":{"line":104,"column":5}},"38":{"start":{"line":99,"column":6},"end":{"line":99,"column":42}},"39":{"start":{"line":100,"column":6},"end":{"line":100,"column":69}},"40":{"start":{"line":102,"column":6},"end":{"line":102,"column":39}},"41":{"start":{"line":103,"column":6},"end":{"line":103,"column":68}},"42":{"start":{"line":105,"column":4},"end":{"line":105,"column":22}},"43":{"start":{"line":113,"column":4},"end":{"line":113,"column":36}},"44":{"start":{"line":120,"column":4},"end":{"line":120,"column":38}}},"fnMap":{"0":{"name":"(anonymous_0)","decl":{"start":{"line":18,"column":2},"end":{"line":18,"column":3}},"loc":{"start":{"line":18,"column":47},"end":{"line":42,"column":3}},"line":18},"1":{"name":"(anonymous_1)","decl":{"start":{"line":48,"column":2},"end":{"line":48,"column":3}},"loc":{"start":{"line":48,"column":23},"end":{"line":72,"column":5}},"line":48},"2":{"name":"(anonymous_2)","decl":{"start":{"line":77,"column":2},"end":{"line":77,"column":3}},"loc":{"start":{"line":77,"column":24},"end":{"line":91,"column":3}},"line":77},"3":{"name":"(anonymous_3)","decl":{"start":{"line":78,"column":41},"end":{"line":78,"column":42}},"loc":{"start":{"line":78,"column":48},"end":{"line":86,"column":5}},"line":78},"4":{"name":"(anonymous_4)","decl":{"start":{"line":88,"column":42},"end":{"line":88,"column":43}},"loc":{"start":{"line":88,"column":48},"end":{"line":90,"column":5}},"line":88},"5":{"name":"(anonymous_5)","decl":{"start":{"line":97,"column":2},"end":{"line":97,"column":3}},"loc":{"start":{"line":97,"column":20},"end":{"line":106,"column":3}},"line":97},"6":{"name":"(anonymous_6)","decl":{"start":{"line":112,"column":2},"end":{"line":112,"column":3}},"loc":{"start":{"line":112,"column":23},"end":{"line":114,"column":3}},"line":112},"7":{"name":"(anonymous_7)","decl":{"start":{"line":119,"column":2},"end":{"line":119,"column":3}},"loc":{"start":{"line":119,"column":22},"end":{"line":121,"column":3}},"line":119}},"branchMap":{"0":{"loc":{"start":{"line":50,"column":6},"end":{"line":57,"column":7}},"type":"if","locations":[{"start":{"line":50,"column":6},"end":{"line":57,"column":7}},{"start":{"line":50,"column":6},"end":{"line":57,"column":7}}],"line":50},"1":{"loc":{"start":{"line":98,"column":4},"end":{"line":104,"column":5}},"type":"if","locations":[{"start":{"line":98,"column":4},"end":{"line":104,"column":5}},{"start":{"line":98,"column":4},"end":{"line":104,"column":5}}],"line":98}},"s":{"0":6,"1":6,"2":6,"3":6,"4":6,"5":6,"6":6,"7":6,"8":2,"9":2,"10":2,"11":2,"12":2,"13":2,"14":6,"15":6,"16":2,"17":2,"18":2,"19":2,"20":2,"21":2,"22":2,"23":2,"24":2,"25":2,"26":2,"27":6,"28":2,"29":2,"30":2,"31":2,"32":2,"33":2,"34":2,"35":6,"36":2,"37":2,"38":1,"39":1,"40":1,"41":1,"42":2,"43":4,"44":1},"f":{"0":6,"1":6,"2":6,"3":2,"4":2,"5":2,"6":4,"7":1},"b":{"0":[2,4],"1":[1,1]},"_coverageSchema":"1a1c01bbd47fc00a2c39e90264f33305004495a9","hash":"1b7465640d9f7968dd7a9389819e217038d0907c"}
,"/Users/Kevin/Desktop/CSE_110/cse110-w21-group28/js/ToDoList/TodoListDomVariables.js": {"path":"/Users/Kevin/Desktop/CSE_110/cse110-w21-group28/js/ToDoList/TodoListDomVariables.js","statementMap":{"0":{"start":{"line":1,"column":23},"end":{"line":6,"column":1}},"1":{"start":{"line":7,"column":20},"end":{"line":13,"column":1}}},"fnMap":{},"branchMap":{},"s":{"0":3,"1":3},"f":{},"b":{},"_coverageSchema":"1a1c01bbd47fc00a2c39e90264f33305004495a9","hash":"cacbf9a2296eda59b70091ef9879ba40e497c71c"}
}
