{"/home/dagaril/cse110-w21-group28/js/function.js": {"path":"/home/dagaril/cse110-w21-group28/js/function.js","statementMap":{"0":{"start":{"line":7,"column":2},"end":{"line":7,"column":25}}},"fnMap":{"0":{"name":"increment","decl":{"start":{"line":6,"column":9},"end":{"line":6,"column":18}},"loc":{"start":{"line":6,"column":24},"end":{"line":8,"column":1}},"line":6}},"branchMap":{},"s":{"0":2},"f":{"0":2},"b":{},"_coverageSchema":"1a1c01bbd47fc00a2c39e90264f33305004495a9","hash":"8c889822c8ac5ca435b1aaf6afdfb663f5b115a6"}
,"/home/dagaril/cse110-w21-group28/js/ToDoList/Task.js": {"path":"/home/dagaril/cse110-w21-group28/js/ToDoList/Task.js","statementMap":{"0":{"start":{"line":15,"column":4},"end":{"line":15,"column":12}},"1":{"start":{"line":16,"column":4},"end":{"line":16,"column":21}},"2":{"start":{"line":17,"column":4},"end":{"line":17,"column":21}},"3":{"start":{"line":18,"column":4},"end":{"line":18,"column":39}},"4":{"start":{"line":19,"column":4},"end":{"line":19,"column":31}},"5":{"start":{"line":20,"column":4},"end":{"line":20,"column":25}},"6":{"start":{"line":60,"column":4},"end":{"line":62,"column":5}},"7":{"start":{"line":61,"column":6},"end":{"line":61,"column":31}},"8":{"start":{"line":64,"column":4},"end":{"line":64,"column":32}},"9":{"start":{"line":65,"column":4},"end":{"line":65,"column":46}},"10":{"start":{"line":67,"column":4},"end":{"line":69,"column":5}},"11":{"start":{"line":68,"column":6},"end":{"line":68,"column":26}},"12":{"start":{"line":76,"column":4},"end":{"line":76,"column":24}},"13":{"start":{"line":81,"column":0},"end":{"line":81,"column":41}}},"fnMap":{"0":{"name":"(anonymous_0)","decl":{"start":{"line":14,"column":2},"end":{"line":14,"column":3}},"loc":{"start":{"line":14,"column":39},"end":{"line":21,"column":3}},"line":14},"1":{"name":"(anonymous_1)","decl":{"start":{"line":59,"column":2},"end":{"line":59,"column":3}},"loc":{"start":{"line":59,"column":21},"end":{"line":70,"column":3}},"line":59},"2":{"name":"(anonymous_2)","decl":{"start":{"line":75,"column":2},"end":{"line":75,"column":3}},"loc":{"start":{"line":75,"column":17},"end":{"line":77,"column":3}},"line":75}},"branchMap":{"0":{"loc":{"start":{"line":60,"column":4},"end":{"line":62,"column":5}},"type":"if","locations":[{"start":{"line":60,"column":4},"end":{"line":62,"column":5}},{"start":{"line":60,"column":4},"end":{"line":62,"column":5}}],"line":60},"1":{"loc":{"start":{"line":67,"column":4},"end":{"line":69,"column":5}},"type":"if","locations":[{"start":{"line":67,"column":4},"end":{"line":69,"column":5}},{"start":{"line":67,"column":4},"end":{"line":69,"column":5}}],"line":67}},"s":{"0":24,"1":24,"2":24,"3":24,"4":24,"5":24,"6":12,"7":1,"8":11,"9":11,"10":11,"11":2,"12":5,"13":2},"f":{"0":24,"1":12,"2":5},"b":{"0":[1,11],"1":[2,9]},"_coverageSchema":"1a1c01bbd47fc00a2c39e90264f33305004495a9","hash":"3090f74a8bbe2cbcf2ec572fe1e5a0d99a389525"}
,"/home/dagaril/cse110-w21-group28/js/ToDoList/ToDoList.js": {"path":"/home/dagaril/cse110-w21-group28/js/ToDoList/ToDoList.js","statementMap":{"0":{"start":{"line":9,"column":4},"end":{"line":9,"column":12}},"1":{"start":{"line":13,"column":4},"end":{"line":13,"column":31}},"2":{"start":{"line":17,"column":4},"end":{"line":17,"column":23}},"3":{"start":{"line":21,"column":4},"end":{"line":21,"column":23}},"4":{"start":{"line":36,"column":4},"end":{"line":44,"column":5}},"5":{"start":{"line":37,"column":6},"end":{"line":37,"column":40}},"6":{"start":{"line":38,"column":11},"end":{"line":44,"column":5}},"7":{"start":{"line":39,"column":6},"end":{"line":39,"column":36}},"8":{"start":{"line":40,"column":11},"end":{"line":44,"column":5}},"9":{"start":{"line":41,"column":6},"end":{"line":41,"column":47}},"10":{"start":{"line":42,"column":11},"end":{"line":44,"column":5}},"11":{"start":{"line":43,"column":6},"end":{"line":43,"column":39}},"12":{"start":{"line":46,"column":17},"end":{"line":46,"column":61}},"13":{"start":{"line":47,"column":4},"end":{"line":47,"column":24}},"14":{"start":{"line":48,"column":4},"end":{"line":48,"column":29}},"15":{"start":{"line":49,"column":4},"end":{"line":49,"column":16}},"16":{"start":{"line":71,"column":4},"end":{"line":73,"column":5}},"17":{"start":{"line":72,"column":6},"end":{"line":72,"column":41}},"18":{"start":{"line":74,"column":4},"end":{"line":78,"column":5}},"19":{"start":{"line":74,"column":17},"end":{"line":74,"column":18}},"20":{"start":{"line":75,"column":6},"end":{"line":77,"column":7}},"21":{"start":{"line":76,"column":8},"end":{"line":76,"column":32}},"22":{"start":{"line":79,"column":4},"end":{"line":79,"column":39}},"23":{"start":{"line":91,"column":4},"end":{"line":96,"column":5}},"24":{"start":{"line":91,"column":17},"end":{"line":91,"column":18}},"25":{"start":{"line":92,"column":6},"end":{"line":95,"column":7}},"26":{"start":{"line":93,"column":8},"end":{"line":93,"column":40}},"27":{"start":{"line":94,"column":8},"end":{"line":94,"column":15}},"28":{"start":{"line":97,"column":4},"end":{"line":97,"column":38}},"29":{"start":{"line":102,"column":0},"end":{"line":102,"column":45}}},"fnMap":{"0":{"name":"(anonymous_0)","decl":{"start":{"line":8,"column":2},"end":{"line":8,"column":3}},"loc":{"start":{"line":8,"column":24},"end":{"line":22,"column":3}},"line":8},"1":{"name":"(anonymous_1)","decl":{"start":{"line":35,"column":2},"end":{"line":35,"column":3}},"loc":{"start":{"line":35,"column":30},"end":{"line":50,"column":3}},"line":35},"2":{"name":"(anonymous_2)","decl":{"start":{"line":70,"column":2},"end":{"line":70,"column":3}},"loc":{"start":{"line":70,"column":19},"end":{"line":80,"column":3}},"line":70},"3":{"name":"(anonymous_3)","decl":{"start":{"line":90,"column":2},"end":{"line":90,"column":3}},"loc":{"start":{"line":90,"column":23},"end":{"line":98,"column":3}},"line":90}},"branchMap":{"0":{"loc":{"start":{"line":36,"column":4},"end":{"line":44,"column":5}},"type":"if","locations":[{"start":{"line":36,"column":4},"end":{"line":44,"column":5}},{"start":{"line":36,"column":4},"end":{"line":44,"column":5}}],"line":36},"1":{"loc":{"start":{"line":38,"column":11},"end":{"line":44,"column":5}},"type":"if","locations":[{"start":{"line":38,"column":11},"end":{"line":44,"column":5}},{"start":{"line":38,"column":11},"end":{"line":44,"column":5}}],"line":38},"2":{"loc":{"start":{"line":40,"column":11},"end":{"line":44,"column":5}},"type":"if","locations":[{"start":{"line":40,"column":11},"end":{"line":44,"column":5}},{"start":{"line":40,"column":11},"end":{"line":44,"column":5}}],"line":40},"3":{"loc":{"start":{"line":42,"column":11},"end":{"line":44,"column":5}},"type":"if","locations":[{"start":{"line":42,"column":11},"end":{"line":44,"column":5}},{"start":{"line":42,"column":11},"end":{"line":44,"column":5}}],"line":42},"4":{"loc":{"start":{"line":71,"column":4},"end":{"line":73,"column":5}},"type":"if","locations":[{"start":{"line":71,"column":4},"end":{"line":73,"column":5}},{"start":{"line":71,"column":4},"end":{"line":73,"column":5}}],"line":71},"5":{"loc":{"start":{"line":75,"column":6},"end":{"line":77,"column":7}},"type":"if","locations":[{"start":{"line":75,"column":6},"end":{"line":77,"column":7}},{"start":{"line":75,"column":6},"end":{"line":77,"column":7}}],"line":75},"6":{"loc":{"start":{"line":92,"column":6},"end":{"line":95,"column":7}},"type":"if","locations":[{"start":{"line":92,"column":6},"end":{"line":95,"column":7}},{"start":{"line":92,"column":6},"end":{"line":95,"column":7}}],"line":92}},"s":{"0":11,"1":11,"2":11,"3":11,"4":23,"5":1,"6":22,"7":1,"8":21,"9":1,"10":20,"11":1,"12":19,"13":19,"14":19,"15":19,"16":4,"17":1,"18":3,"19":3,"20":4,"21":2,"22":1,"23":4,"24":4,"25":22,"26":3,"27":3,"28":1,"29":1},"f":{"0":11,"1":23,"2":4,"3":4},"b":{"0":[1,22],"1":[1,21],"2":[1,20],"3":[1,19],"4":[1,3],"5":[2,2],"6":[3,19]},"_coverageSchema":"1a1c01bbd47fc00a2c39e90264f33305004495a9","hash":"5c476dd2ad1a38925858b3b9aa134d17ede26861"}
}
