TN:
SF:js/Timer/Timer.js
FN:18,(anonymous_0)
FN:68,(anonymous_1)
FN:85,(anonymous_2)
FN:97,(anonymous_3)
FN:114,(anonymous_4)
FN:127,(anonymous_5)
FN:138,(anonymous_6)
FN:139,(anonymous_7)
FNF:8
FNH:8
FNDA:7,(anonymous_0)
FNDA:3,(anonymous_1)
FNDA:9,(anonymous_2)
FNDA:2,(anonymous_3)
FNDA:4509,(anonymous_4)
FNDA:4500,(anonymous_5)
FNDA:7,(anonymous_6)
FNDA:5,(anonymous_7)
DA:19,7
DA:24,7
DA:32,7
DA:37,7
DA:42,7
DA:47,7
DA:52,7
DA:55,7
DA:57,7
DA:58,56
DA:61,7
DA:69,3
DA:70,3
DA:71,3
DA:77,3
DA:78,3
DA:86,9
DA:87,9
DA:88,9
DA:89,9
DA:90,9
DA:98,2
DA:99,2
DA:100,2
DA:101,2
DA:102,2
DA:104,2
DA:105,16
DA:115,4509
DA:116,4509
DA:117,4509
DA:118,4509
DA:119,4509
DA:120,759
DA:122,3750
DA:124,4509
DA:125,4509
DA:126,4509
DA:127,4506
DA:128,4500
DA:131,3
DA:139,7
DA:140,5
DA:141,3
DA:142,3
DA:143,3
DA:145,2
DA:146,2
DA:147,2
DA:153,1
LF:50
LH:50
BRDA:115,0,0,0
BRDA:115,0,1,4509
BRDA:119,1,0,759
BRDA:119,1,1,3750
BRDA:126,2,0,4506
BRDA:126,2,1,3
BRDA:140,3,0,3
BRDA:140,3,1,2
BRF:8
BRH:7
end_of_record
TN:
SF:js/Timer/TimerVariables.js
FNF:0
FNH:0
DA:2,1
DA:4,1
DA:8,1
DA:13,1
DA:18,1
DA:23,1
LF:6
LH:6
BRF:0
BRH:0
end_of_record
TN:
SF:js/ToDoList/Task.js
FN:15,(anonymous_0)
FN:77,(anonymous_1)
FN:92,(anonymous_2)
FN:102,(anonymous_3)
FN:114,(anonymous_4)
FN:129,(anonymous_5)
FN:134,(anonymous_6)
FN:149,(anonymous_7)
FN:162,(anonymous_8)
FN:169,(anonymous_9)
FN:179,(anonymous_10)
FN:193,(anonymous_11)
FN:206,(anonymous_12)
FNF:13
FNH:13
FNDA:25,(anonymous_0)
FNDA:25,(anonymous_1)
FNDA:2,(anonymous_2)
FNDA:25,(anonymous_3)
FNDA:25,(anonymous_4)
FNDA:25,(anonymous_5)
FNDA:4,(anonymous_6)
FNDA:5,(anonymous_7)
FNDA:25,(anonymous_8)
FNDA:36,(anonymous_9)
FNDA:9,(anonymous_10)
FNDA:11,(anonymous_11)
FNDA:3,(anonymous_12)
DA:16,25
DA:17,25
DA:22,25
DA:27,25
DA:32,25
DA:37,25
DA:42,25
DA:48,25
DA:54,25
DA:60,25
DA:65,25
DA:70,25
DA:78,25
DA:79,25
DA:80,25
DA:81,25
DA:82,25
DA:83,25
DA:84,25
DA:86,25
DA:87,6
DA:88,6
DA:89,6
DA:92,25
DA:93,2
DA:95,25
DA:103,25
DA:104,25
DA:105,25
DA:106,25
DA:107,25
DA:115,25
DA:116,25
DA:117,25
DA:118,25
DA:119,25
DA:130,25
DA:131,25
DA:132,25
DA:134,25
DA:135,4
DA:136,4
DA:137,4
DA:140,25
DA:141,25
DA:142,25
DA:143,25
DA:150,5
DA:151,5
DA:152,4
DA:155,5
DA:156,5
DA:163,25
DA:170,36
DA:180,9
DA:181,1
DA:184,8
DA:185,8
DA:187,8
DA:194,11
DA:195,3
DA:196,3
DA:197,3
DA:200,11
DA:207,3
DA:208,3
DA:209,3
DA:210,3
DA:215,3
LF:69
LH:69
BRDA:15,0,0,18
BRDA:15,1,0,18
BRDA:86,2,0,6
BRDA:86,2,1,19
BRDA:151,3,0,4
BRDA:151,3,1,1
BRDA:180,4,0,1
BRDA:180,4,1,8
BRDA:195,5,0,3
BRDA:195,5,1,0
BRF:10
BRH:9
end_of_record
TN:
SF:js/ToDoList/TaskVariables.js
FNF:0
FNH:0
DA:1,3
LF:1
LH:1
BRF:0
BRH:0
end_of_record
TN:
SF:js/ToDoList/ToDoList.js
FN:11,(anonymous_0)
FN:37,(anonymous_1)
FN:62,(anonymous_2)
FN:74,(anonymous_3)
FNF:4
FNH:4
FNDA:21,(anonymous_0)
FNDA:19,(anonymous_1)
FNDA:13,(anonymous_2)
FNDA:8,(anonymous_3)
DA:16,21
DA:22,21
DA:38,19
DA:39,1
DA:40,18
DA:41,2
DA:42,16
DA:43,1
DA:44,15
DA:45,1
DA:46,14
DA:47,1
DA:50,13
DA:51,13
DA:52,13
DA:53,13
DA:54,13
DA:63,13
DA:64,13
DA:65,13
DA:75,8
DA:76,8
DA:77,6
DA:80,2
LF:24
LH:24
BRDA:38,0,0,1
BRDA:38,0,1,18
BRDA:40,1,0,2
BRDA:40,1,1,16
BRDA:42,2,0,1
BRDA:42,2,1,15
BRDA:44,3,0,1
BRDA:44,3,1,14
BRDA:46,4,0,1
BRDA:46,4,1,13
BRDA:76,5,0,6
BRDA:76,5,1,2
BRDA:76,6,0,8
BRDA:76,6,1,7
BRF:14
BRH:14
end_of_record
TN:
SF:js/ToDoList/TodoListDom.js
FN:19,(anonymous_0)
FN:54,(anonymous_1)
FN:80,(anonymous_2)
FN:81,(anonymous_3)
FN:96,(anonymous_4)
FN:108,(anonymous_5)
FN:115,(anonymous_6)
FNF:7
FNH:7
FNDA:8,(anonymous_0)
FNDA:8,(anonymous_1)
FNDA:8,(anonymous_2)
FNDA:5,(anonymous_3)
FNDA:1,(anonymous_4)
FNDA:7,(anonymous_5)
FNDA:1,(anonymous_6)
DA:24,8
DA:29,8
DA:34,8
DA:39,8
DA:44,8
DA:46,8
DA:47,8
DA:55,8
DA:56,8
DA:57,3
DA:58,3
DA:59,3
DA:61,3
DA:64,8
DA:65,3
DA:66,3
DA:67,3
DA:68,3
DA:69,3
DA:70,3
DA:71,3
DA:72,3
DA:73,3
DA:81,8
DA:82,5
DA:83,5
DA:84,5
DA:85,5
DA:86,5
DA:87,5
DA:88,4
DA:89,4
DA:92,1
DA:96,8
DA:97,1
DA:98,1
DA:99,2
DA:109,7
DA:116,1
DA:117,1
DA:118,1
LF:41
LH:41
BRDA:56,0,0,3
BRDA:56,0,1,5
BRDA:117,1,0,1
BRDA:117,1,1,0
BRF:4
BRH:3
end_of_record
TN:
SF:js/ToDoList/TodoListDomVariables.js
FNF:0
FNH:0
DA:1,3
DA:7,3
LF:2
LH:2
BRF:0
BRH:0
end_of_record
