TN:
SF:js/Timer/Timer.js
FN:18,(anonymous_0)
FN:68,(anonymous_1)
FN:85,(anonymous_2)
FN:97,(anonymous_3)
FN:114,(anonymous_4)
FN:127,(anonymous_5)
FN:138,(anonymous_6)
FN:139,(anonymous_7)
FNF:8
FNH:8
FNDA:7,(anonymous_0)
FNDA:3,(anonymous_1)
FNDA:9,(anonymous_2)
FNDA:2,(anonymous_3)
FNDA:4509,(anonymous_4)
FNDA:4500,(anonymous_5)
FNDA:7,(anonymous_6)
FNDA:5,(anonymous_7)
DA:19,7
DA:24,7
DA:32,7
DA:37,7
DA:42,7
DA:47,7
DA:52,7
DA:55,7
DA:57,7
DA:58,56
DA:61,7
DA:69,3
DA:70,3
DA:71,3
DA:77,3
DA:78,3
DA:86,9
DA:87,9
DA:88,9
DA:89,9
DA:90,9
DA:98,2
DA:99,2
DA:100,2
DA:101,2
DA:102,2
DA:104,2
DA:105,16
DA:115,4509
DA:116,4509
DA:117,4509
DA:118,4509
DA:119,4509
DA:120,759
DA:122,3750
DA:124,4509
DA:125,4509
DA:126,4509
DA:127,4506
DA:128,4500
DA:131,3
DA:139,7
DA:140,5
DA:141,3
DA:142,3
DA:143,3
DA:145,2
DA:146,2
DA:147,2
DA:153,1
LF:50
LH:50
BRDA:115,0,0,0
BRDA:115,0,1,4509
BRDA:119,1,0,759
BRDA:119,1,1,3750
BRDA:126,2,0,4506
BRDA:126,2,1,3
BRDA:140,3,0,3
BRDA:140,3,1,2
BRF:8
BRH:7
end_of_record
TN:
SF:js/Timer/TimerVariables.js
FNF:0
FNH:0
DA:2,1
DA:4,1
DA:8,1
DA:13,1
DA:18,1
DA:23,1
LF:6
LH:6
BRF:0
BRH:0
end_of_record
TN:
SF:js/ToDoList/Task.js
FN:15,(anonymous_0)
FN:79,(anonymous_1)
FN:88,(anonymous_2)
FN:98,(anonymous_3)
FN:110,(anonymous_4)
FN:125,(anonymous_5)
FN:129,(anonymous_6)
FN:142,(anonymous_7)
FN:155,(anonymous_8)
FN:162,(anonymous_9)
FN:172,(anonymous_10)
FN:189,(anonymous_11)
FN:202,(anonymous_12)
FNF:13
FNH:13
FNDA:20,(anonymous_0)
FNDA:20,(anonymous_1)
FNDA:2,(anonymous_2)
FNDA:20,(anonymous_3)
FNDA:20,(anonymous_4)
FNDA:20,(anonymous_5)
FNDA:3,(anonymous_6)
FNDA:3,(anonymous_7)
FNDA:20,(anonymous_8)
FNDA:35,(anonymous_9)
FNDA:13,(anonymous_10)
FNDA:17,(anonymous_11)
FNDA:5,(anonymous_12)
DA:16,20
DA:21,20
DA:26,20
DA:31,20
DA:36,20
DA:41,20
DA:42,3
DA:43,3
DA:45,17
DA:46,17
DA:53,20
DA:54,20
DA:55,3
DA:61,20
DA:67,20
DA:72,20
DA:80,20
DA:81,20
DA:82,20
DA:83,20
DA:84,20
DA:85,20
DA:86,20
DA:88,20
DA:89,2
DA:91,20
DA:99,20
DA:100,20
DA:101,20
DA:102,20
DA:103,20
DA:111,20
DA:112,20
DA:113,20
DA:114,20
DA:115,20
DA:126,20
DA:127,20
DA:128,20
DA:129,20
DA:130,3
DA:131,3
DA:133,20
DA:134,20
DA:135,20
DA:136,20
DA:143,3
DA:144,3
DA:145,3
DA:148,3
DA:149,3
DA:156,20
DA:163,35
DA:173,13
DA:174,1
DA:177,12
DA:178,12
DA:180,12
DA:181,2
DA:183,12
DA:190,17
DA:191,3
DA:192,3
DA:193,3
DA:196,17
DA:203,5
DA:204,5
DA:205,5
DA:210,3
LF:69
LH:69
BRDA:15,0,0,17
BRDA:15,1,0,17
BRDA:41,2,0,3
BRDA:41,2,1,17
BRDA:54,3,0,3
BRDA:54,3,1,17
BRDA:144,4,0,3
BRDA:144,4,1,0
BRDA:173,5,0,1
BRDA:173,5,1,12
BRDA:180,6,0,2
BRDA:180,6,1,10
BRDA:191,7,0,3
BRDA:191,7,1,0
BRF:14
BRH:12
end_of_record
TN:
SF:js/ToDoList/TaskVariables.js
FNF:0
FNH:0
DA:1,3
LF:1
LH:1
BRF:0
BRH:0
end_of_record
TN:
SF:js/ToDoList/ToDoList.js
FN:11,(anonymous_0)
FN:37,(anonymous_1)
FN:63,(anonymous_2)
FN:75,(anonymous_3)
FN:91,(anonymous_4)
FNF:5
FNH:5
FNDA:20,(anonymous_0)
FNDA:17,(anonymous_1)
FNDA:11,(anonymous_2)
FNDA:6,(anonymous_3)
FNDA:1,(anonymous_4)
DA:16,20
DA:22,20
DA:38,17
DA:39,1
DA:40,16
DA:41,2
DA:42,14
DA:43,1
DA:44,13
DA:45,1
DA:46,12
DA:47,1
DA:50,11
DA:51,11
DA:52,11
DA:53,11
DA:54,11
DA:55,11
DA:56,11
DA:64,11
DA:76,6
DA:77,1
DA:79,5
DA:80,5
DA:81,4
DA:84,1
DA:92,1
DA:93,1
LF:28
LH:28
BRDA:38,0,0,1
BRDA:38,0,1,16
BRDA:40,1,0,2
BRDA:40,1,1,14
BRDA:42,2,0,1
BRDA:42,2,1,13
BRDA:44,3,0,1
BRDA:44,3,1,12
BRDA:46,4,0,1
BRDA:46,4,1,11
BRDA:76,5,0,1
BRDA:76,5,1,5
BRDA:80,6,0,4
BRDA:80,6,1,1
BRF:14
BRH:14
end_of_record
TN:
SF:js/ToDoList/TodoListDom.js
FN:20,(anonymous_0)
FN:55,(anonymous_1)
FN:81,(anonymous_2)
FN:82,(anonymous_3)
FN:97,(anonymous_4)
FN:109,(anonymous_5)
FN:116,(anonymous_6)
FNF:7
FNH:7
FNDA:8,(anonymous_0)
FNDA:8,(anonymous_1)
FNDA:8,(anonymous_2)
FNDA:5,(anonymous_3)
FNDA:1,(anonymous_4)
FNDA:7,(anonymous_5)
FNDA:1,(anonymous_6)
DA:25,8
DA:30,8
DA:35,8
DA:40,8
DA:45,8
DA:47,8
DA:48,8
DA:56,8
DA:57,8
DA:58,3
DA:59,3
DA:60,3
DA:62,3
DA:65,8
DA:66,3
DA:67,3
DA:68,3
DA:69,3
DA:70,3
DA:71,3
DA:72,3
DA:73,3
DA:74,3
DA:82,8
DA:83,5
DA:84,5
DA:85,5
DA:86,5
DA:87,5
DA:88,5
DA:89,4
DA:90,4
DA:93,1
DA:97,8
DA:98,1
DA:99,1
DA:100,2
DA:110,7
DA:117,1
LF:39
LH:39
BRDA:57,0,0,3
BRDA:57,0,1,5
BRF:2
BRH:2
end_of_record
TN:
SF:js/ToDoList/TodoListDomVariables.js
FNF:0
FNH:0
DA:1,3
DA:7,3
LF:2
LH:2
BRF:0
BRH:0
end_of_record
